<?xml version="1.0" encoding="UTF-8"?>
<!-- Generated by org.testng.reporters.JUnitXMLReporter -->
<testsuite ignored="0" hostname="Eternity" failures="0" tests="2" name="Default test" time="0.091" errors="0" timestamp="2023-02-03T16:10:56 IST">
  <testcase classname="TestNGPackage.VerifyHomeLoansandLifeInsurance" name="@BeforeTest launchBrowser" time="-1.675420856407E9">
    <failure type="org.testng.TestNGException" message="
Parameter &amp;apos;broswer123&amp;apos; is required by BeforeTest on method launchBrowser but has not been marked @Optional or defined
in C:\Users\priya\AppData\Local\Temp\testng-eclipse-1106684340\testng-customsuite.xml">
      <![CDATA[org.testng.TestNGException: 
Parameter 'broswer123' is required by BeforeTest on method launchBrowser but has not been marked @Optional or defined
in C:\Users\priya\AppData\Local\Temp\testng-eclipse-1106684340\testng-customsuite.xml
at org.testng.internal.Parameters.createParams(Parameters.java:270)
at org.testng.internal.Parameters.createParametersForMethod(Parameters.java:358)
at org.testng.internal.Parameters.createParameters(Parameters.java:700)
at org.testng.internal.Parameters.createConfigurationParameters(Parameters.java:168)
at org.testng.internal.ConfigInvoker.invokeConfigurations(ConfigInvoker.java:302)
at org.testng.TestRunner.invokeTestConfigurations(TestRunner.java:637)
at org.testng.TestRunner.beforeRun(TestRunner.java:627)
at org.testng.TestRunner.run(TestRunner.java:589)
at org.testng.SuiteRunner.runTest(SuiteRunner.java:377)
at org.testng.SuiteRunner.runSequentially(SuiteRunner.java:371)
at org.testng.SuiteRunner.privateRun(SuiteRunner.java:332)
at org.testng.SuiteRunner.run(SuiteRunner.java:276)
at org.testng.SuiteRunnerWorker.runSuite(SuiteRunnerWorker.java:53)
at org.testng.SuiteRunnerWorker.run(SuiteRunnerWorker.java:96)
at org.testng.TestNG.runSuitesSequentially(TestNG.java:1212)
at org.testng.TestNG.runSuitesLocally(TestNG.java:1134)
at org.testng.TestNG.runSuites(TestNG.java:1063)
at org.testng.TestNG.run(TestNG.java:1031)
at org.testng.remote.AbstractRemoteTestNG.run(AbstractRemoteTestNG.java:115)
at org.testng.remote.RemoteTestNG.initAndRun(RemoteTestNG.java:251)
at org.testng.remote.RemoteTestNG.main(RemoteTestNG.java:77)
]]>
    </failure>
  </testcase> <!-- @BeforeTest launchBrowser -->
  <testcase classname="TestNGPackage.VerifyHomeLoansandLifeInsurance" name="@BeforeClass CreatePomobject" time="-1.675420856445E9">
    <skipped/>
  </testcase> <!-- @BeforeClass CreatePomobject -->
  <testcase classname="TestNGPackage.VerifyHomeLoansandLifeInsurance" name="@BeforeMethod getwindow" time="-1.675420856465E9">
    <skipped/>
  </testcase> <!-- @BeforeMethod getwindow -->
  <testcase classname="TestNGPackage.VerifyHomeLoansandLifeInsurance" name="@AfterMethod returntoHome" time="-1.675420856474E9">
    <skipped/>
  </testcase> <!-- @AfterMethod returntoHome -->
  <testcase classname="TestNGPackage.VerifyHomeLoansandLifeInsurance" name="@BeforeMethod getwindow" time="-1.675420856477E9">
    <skipped/>
  </testcase> <!-- @BeforeMethod getwindow -->
  <testcase classname="TestNGPackage.VerifyHomeLoansandLifeInsurance" name="@AfterMethod returntoHome" time="-1.675420856481E9">
    <skipped/>
  </testcase> <!-- @AfterMethod returntoHome -->
  <testcase classname="TestNGPackage.VerifyHomeLoansandLifeInsurance" name="@AfterClass clearObject" time="-1.675420856483E9">
    <skipped/>
  </testcase> <!-- @AfterClass clearObject -->
  <testcase classname="TestNGPackage.VerifyHomeLoansandLifeInsurance" name="@AfterTest closethebrowser" time="-1.675420856488E9">
    <skipped/>
  </testcase> <!-- @AfterTest closethebrowser -->
  <testcase classname="TestNGPackage.VerifyHomeLoansandLifeInsurance" name="ApplyForLifeInsurance" time="0.0">
    <skipped/>
  </testcase> <!-- ApplyForLifeInsurance -->
  <testcase classname="TestNGPackage.VerifyHomeLoansandLifeInsurance" name="ApplyforHomeloans" time="0.0">
    <skipped/>
  </testcase> <!-- ApplyforHomeloans -->
</testsuite> <!-- Default test -->
