<?xml version="1.0" encoding="UTF-8"?>
<!-- Generated by org.testng.reporters.JUnitXMLReporter -->
<testsuite ignored="0" hostname="Eternity" failures="0" tests="4" name="Edge" time="2.591" errors="0" timestamp="2023-02-03T15:05:14 IST">
  <testcase classname="TestNGPackage.VerifyCreditcardandSendmoneypage" name="@BeforeTest launchBrowser" time="2.515">
    <failure type="org.openqa.selenium.SessionNotCreatedException" message="session not created: This version of Microsoft Edge WebDriver only supports Microsoft Edge version 111
Current browser version is 109.0.1518.70 with binary path C:\Program Files (x86)\Microsoft\Edge\Application\msedge.exe
Build info: version: &amp;apos;3.141.59&amp;apos;, revision: &amp;apos;e82be7d358&amp;apos;, time: &amp;apos;2018-11-14T08:17:03&amp;apos;
System info: host: &amp;apos;ETERNITY&amp;apos;, ip: &amp;apos;192.168.43.218&amp;apos;, os.name: &amp;apos;Windows 11&amp;apos;, os.arch: &amp;apos;amd64&amp;apos;, os.version: &amp;apos;10.0&amp;apos;, java.version: &amp;apos;17.0.4.1&amp;apos;
Driver info: driver.version: EdgeDriver
remote stacktrace: Backtrace:
	Microsoft::Applications::Events::EventProperties::SetProperty [0x00007FF7379C6C82+10258]
	Microsoft::Applications::Events::EventProperty::EventProperty [0x00007FF73796C642+723170]
	(No symbol) [0x00007FF7374BF71E]
	(No symbol) [0x00007FF7374F0165]
	(No symbol) [0x00007FF7374EB830]
	(No symbol) [0x00007FF7374E6308]
	(No symbol) [0x00007FF737529EB6]
	(No symbol) [0x00007FF737521AD3]
	(No symbol) [0x00007FF7374F3AF0]
	(No symbol) [0x00007FF7374F2BCA]
	(No symbol) [0x00007FF7374F4364]
	Microsoft::Applications::Events::EventProperties::SetProperty [0x00007FF737868510+163888]
	(No symbol) [0x00007FF73763EE5D]
	Microsoft::Applications::Events::ILogManager::DispatchEventBroadcast [0x00007FF737B526B7+1091959]
	Microsoft::Applications::Events::EventProperty::EventProperty [0x00007FF7378C3645+30949]
	Microsoft::Applications::Events::ILogManager::DispatchEventBroadcast [0x00007FF737B5201C+1090268]
	Microsoft::Applications::Events::ILogManager::DispatchEventBroadcast [0x00007FF737B51466+1087270]
	Microsoft::Applications::Events::EventProperty::EventProperty [0x00007FF7379777A4+768580]
	Microsoft::Applications::Events::EventProperty::EventProperty [0x00007FF7379778FC+768924]
	(No symbol) [0x00007FF7375B01FC]
	BaseThreadInitThunk [0x00007FF975BD26BD+29]
	RtlUserThreadStart [0x00007FF9769EDFB8+40]
">
      <![CDATA[org.openqa.selenium.SessionNotCreatedException: session not created: This version of Microsoft Edge WebDriver only supports Microsoft Edge version 111
Current browser version is 109.0.1518.70 with binary path C:\Program Files (x86)\Microsoft\Edge\Application\msedge.exe
Build info: version: '3.141.59', revision: 'e82be7d358', time: '2018-11-14T08:17:03'
System info: host: 'ETERNITY', ip: '192.168.43.218', os.name: 'Windows 11', os.arch: 'amd64', os.version: '10.0', java.version: '17.0.4.1'
Driver info: driver.version: EdgeDriver
remote stacktrace: Backtrace:
Microsoft::Applications::Events::EventProperties::SetProperty [0x00007FF7379C6C82+10258]
Microsoft::Applications::Events::EventProperty::EventProperty [0x00007FF73796C642+723170]
(No symbol) [0x00007FF7374BF71E]
(No symbol) [0x00007FF7374F0165]
(No symbol) [0x00007FF7374EB830]
(No symbol) [0x00007FF7374E6308]
(No symbol) [0x00007FF737529EB6]
(No symbol) [0x00007FF737521AD3]
(No symbol) [0x00007FF7374F3AF0]
(No symbol) [0x00007FF7374F2BCA]
(No symbol) [0x00007FF7374F4364]
Microsoft::Applications::Events::EventProperties::SetProperty [0x00007FF737868510+163888]
(No symbol) [0x00007FF73763EE5D]
Microsoft::Applications::Events::ILogManager::DispatchEventBroadcast [0x00007FF737B526B7+1091959]
Microsoft::Applications::Events::EventProperty::EventProperty [0x00007FF7378C3645+30949]
Microsoft::Applications::Events::ILogManager::DispatchEventBroadcast [0x00007FF737B5201C+1090268]
Microsoft::Applications::Events::ILogManager::DispatchEventBroadcast [0x00007FF737B51466+1087270]
Microsoft::Applications::Events::EventProperty::EventProperty [0x00007FF7379777A4+768580]
Microsoft::Applications::Events::EventProperty::EventProperty [0x00007FF7379778FC+768924]
(No symbol) [0x00007FF7375B01FC]
BaseThreadInitThunk [0x00007FF975BD26BD+29]
RtlUserThreadStart [0x00007FF9769EDFB8+40]

at org.openqa.selenium.remote.W3CHandshakeResponse.lambda$errorHandler$0(W3CHandshakeResponse.java:62)
at org.openqa.selenium.remote.HandshakeResponse.lambda$getResponseFunction$0(HandshakeResponse.java:30)
at org.openqa.selenium.remote.ProtocolHandshake.lambda$createSession$0(ProtocolHandshake.java:126)
at java.base/java.util.stream.ReferencePipeline$3$1.accept(ReferencePipeline.java:197)
at java.base/java.util.Spliterators$ArraySpliterator.tryAdvance(Spliterators.java:1002)
at java.base/java.util.stream.ReferencePipeline.forEachWithCancel(ReferencePipeline.java:129)
at java.base/java.util.stream.AbstractPipeline.copyIntoWithCancel(AbstractPipeline.java:527)
at java.base/java.util.stream.AbstractPipeline.copyInto(AbstractPipeline.java:513)
at java.base/java.util.stream.AbstractPipeline.wrapAndCopyInto(AbstractPipeline.java:499)
at java.base/java.util.stream.FindOps$FindOp.evaluateSequential(FindOps.java:150)
at java.base/java.util.stream.AbstractPipeline.evaluate(AbstractPipeline.java:234)
at java.base/java.util.stream.ReferencePipeline.findFirst(ReferencePipeline.java:647)
at org.openqa.selenium.remote.ProtocolHandshake.createSession(ProtocolHandshake.java:128)
at org.openqa.selenium.remote.ProtocolHandshake.createSession(ProtocolHandshake.java:74)
at org.openqa.selenium.remote.HttpCommandExecutor.execute(HttpCommandExecutor.java:136)
at org.openqa.selenium.remote.service.DriverCommandExecutor.execute(DriverCommandExecutor.java:83)
at org.openqa.selenium.remote.RemoteWebDriver.execute(RemoteWebDriver.java:552)
at org.openqa.selenium.remote.RemoteWebDriver.startSession(RemoteWebDriver.java:213)
at org.openqa.selenium.remote.RemoteWebDriver.<init>(RemoteWebDriver.java:131)
at org.openqa.selenium.edge.EdgeDriver.<init>(EdgeDriver.java:141)
at org.openqa.selenium.edge.EdgeDriver.<init>(EdgeDriver.java:96)
at TestNGPackage.VerifyCreditcardandSendmoneypage.launchBrowser(VerifyCreditcardandSendmoneypage.java:49)
... Removed 29 stack frames]]>
    </failure>
  </testcase> <!-- @BeforeTest launchBrowser -->
  <testcase classname="TestNGPackage.VerifyHomeLoansandLifeInsurance" name="@BeforeTest launchBrowser" time="-1.675416914836E9">
    <skipped/>
  </testcase> <!-- @BeforeTest launchBrowser -->
  <testcase classname="TestNGPackage.VerifyCreditcardandSendmoneypage" name="@BeforeClass CreatePomobject" time="-1.675416914844E9">
    <skipped/>
  </testcase> <!-- @BeforeClass CreatePomobject -->
  <testcase classname="TestNGPackage.VerifyCreditcardandSendmoneypage" name="@BeforeMethod getwindow" time="-1.675416914848E9">
    <skipped/>
  </testcase> <!-- @BeforeMethod getwindow -->
  <testcase classname="TestNGPackage.VerifyCreditcardandSendmoneypage" name="@AfterMethod returntoHome" time="-1.675416914856E9">
    <skipped/>
  </testcase> <!-- @AfterMethod returntoHome -->
  <testcase classname="TestNGPackage.VerifyCreditcardandSendmoneypage" name="@BeforeMethod getwindow" time="-1.675416914862E9">
    <skipped/>
  </testcase> <!-- @BeforeMethod getwindow -->
  <testcase classname="TestNGPackage.VerifyCreditcardandSendmoneypage" name="@AfterMethod returntoHome" time="-1.675416914869E9">
    <skipped/>
  </testcase> <!-- @AfterMethod returntoHome -->
  <testcase classname="TestNGPackage.VerifyCreditcardandSendmoneypage" name="@AfterClass clearObject" time="-1.675416914872E9">
    <skipped/>
  </testcase> <!-- @AfterClass clearObject -->
  <testcase classname="TestNGPackage.VerifyHomeLoansandLifeInsurance" name="@BeforeClass CreatePomobject" time="-1.675416914874E9">
    <skipped/>
  </testcase> <!-- @BeforeClass CreatePomobject -->
  <testcase classname="TestNGPackage.VerifyHomeLoansandLifeInsurance" name="@BeforeMethod getwindow" time="-1.675416914877E9">
    <skipped/>
  </testcase> <!-- @BeforeMethod getwindow -->
  <testcase classname="TestNGPackage.VerifyHomeLoansandLifeInsurance" name="@AfterMethod returntoHome" time="-1.675416914884E9">
    <skipped/>
  </testcase> <!-- @AfterMethod returntoHome -->
  <testcase classname="TestNGPackage.VerifyHomeLoansandLifeInsurance" name="@BeforeMethod getwindow" time="-1.675416914886E9">
    <skipped/>
  </testcase> <!-- @BeforeMethod getwindow -->
  <testcase classname="TestNGPackage.VerifyHomeLoansandLifeInsurance" name="@AfterMethod returntoHome" time="-1.675416914893E9">
    <skipped/>
  </testcase> <!-- @AfterMethod returntoHome -->
  <testcase classname="TestNGPackage.VerifyHomeLoansandLifeInsurance" name="@AfterClass clearObject" time="-1.675416914896E9">
    <skipped/>
  </testcase> <!-- @AfterClass clearObject -->
  <testcase classname="TestNGPackage.VerifyCreditcardandSendmoneypage" name="@AfterTest closethebrowser" time="-1.675416914899E9">
    <skipped/>
  </testcase> <!-- @AfterTest closethebrowser -->
  <testcase classname="TestNGPackage.VerifyHomeLoansandLifeInsurance" name="@AfterTest closethebrowser" time="-1.675416914901E9">
    <skipped/>
  </testcase> <!-- @AfterTest closethebrowser -->
  <testcase classname="TestNGPackage.VerifyCreditcardandSendmoneypage" name="ApplyForCreditCardbillpayment" time="0.0">
    <skipped/>
  </testcase> <!-- ApplyForCreditCardbillpayment -->
  <testcase classname="TestNGPackage.VerifyCreditcardandSendmoneypage" name="ApplyforSendmoneyAbroad" time="0.0">
    <skipped/>
  </testcase> <!-- ApplyforSendmoneyAbroad -->
  <testcase classname="TestNGPackage.VerifyHomeLoansandLifeInsurance" name="ApplyForLifeInsurance" time="0.002">
    <skipped/>
  </testcase> <!-- ApplyForLifeInsurance -->
  <testcase classname="TestNGPackage.VerifyHomeLoansandLifeInsurance" name="ApplyforHomeloans" time="0.0">
    <skipped/>
  </testcase> <!-- ApplyforHomeloans -->
</testsuite> <!-- Edge -->
